
Fri 16:40:47  P-CAD 2001 Shape-Based Router Started on Friday, May 29, 2020
Fri 16:40:47  Loaded file E:\lab\pcad\pcbShape.PRF
Fri 16:40:50  NeuralNet class C2
Fri 16:40:50  Fan-Out Pass 1: Completed: 0 connections in 0.0 seconds
Fri 16:40:50  Memory  Pass 1: Completed 0 connections in 0.0 seconds
Fri 16:40:50  Memory  Pass 2: Completed 24 connections in 0.0 seconds
Fri 16:40:50  Pass  1:   0.0min.  61%   35R   22U   0C   2V
Fri 16:40:50  Pass  2:   0.0min.  61%   35R   22U   0C   2V
Fri 16:40:50  Pass  3:   0.0min. 100%   57R    0U   0C   2V
Fri 16:40:50  Mitre   Pass 1: Modified 24 out of 57 in 0.0 minutes
Fri 16:40:50  Length on Top = 17.8"
Fri 16:40:50  Length on Bottom = 30.9"
Fri 16:40:50  Total vias = 2
Fri 16:40:50  100% routed with no conflicts
Fri 16:40:50  Total Time 00:00:00
Fri 16:40:52  NeuralNet class C2
Fri 16:40:52  Fan-Out Pass 1: Completed: 0 connections in 0.0 seconds
Fri 16:40:53  Mitre   Pass 1: Modified 25 out of 57 in 0.0 minutes
Fri 16:40:53  Length on Top = 12.4"
Fri 16:40:53  Length on Bottom = 33.8"
Fri 16:40:53  Total vias = 11
Fri 16:40:53  100% routed with no conflicts
Fri 16:40:53  Total Time 00:00:00
Fri 16:41:02  Saved as: E:\lab\pcad\pcbShape.PRF
Fri 16:41:02  Memory used:  0% (2.562MB out of 2048.000MB)

Fri 16:42:07  P-CAD 2001 Shape-Based Router Started on Friday, May 29, 2020
Fri 16:42:07  Loaded file E:\lab\pcad\pcbShape.PRF
Fri 16:42:09  NeuralNet class C2
Fri 16:42:09  Fan-Out Pass 1: Completed: 0 connections in 0.0 seconds
Fri 16:42:09  Memory  Pass 1: Completed 0 connections in 0.0 seconds
Fri 16:42:09  Memory  Pass 2: Completed 24 connections in 0.0 seconds
Fri 16:42:09  Pass  1:   0.0min.  61%   35R   22U   0C   2V
Fri 16:42:09  Pass  2:   0.0min.  61%   35R   22U   0C   2V
Fri 16:42:09  Pass  3:   0.0min. 100%   57R    0U   0C   2V
Fri 16:42:09  Mitre   Pass 1: Modified 24 out of 57 in 0.0 minutes
Fri 16:42:09  Length on Top = 17.8"
Fri 16:42:09  Length on Bottom = 30.9"
Fri 16:42:09  Total vias = 2
Fri 16:42:09  100% routed with no conflicts
Fri 16:42:09  Total Time 00:00:00
Fri 16:42:18  Saved as: E:\lab\pcad\pcbShape.PRF
Fri 16:42:20  Saved as: E:\lab\pcad\pcbShape.PRF
Fri 16:42:20  Memory used:  0% (2.562MB out of 2048.000MB)
